00000000 00004100 ldc N
00000001 00000004 ldnl 0
00000002 ffffff01 adc -1
00000003 00004200 ldc i
00000004 00000005 stnl 0
00000005          outerloop:
00000005 00004200 ldc i
00000006 00000004 ldnl 0
00000007 00003810 brlz end
00000008 0000370f brz end
00000009 00000000 ldc 0
0000000a 00004300 ldc j
0000000b 00000005 stnl 0
0000000c          innerloop:
0000000c 00004200 ldc i
0000000d 00000004 ldnl 0
0000000e 00004300 ldc j
0000000f 00000004 ldnl 0
00000010 00000007 sub
00000011 00002810 brlz endinner
00000012 0000270f brz endinner
00000013 00004700 ldc arr
00000014 00004300 ldc j
00000015 00000004 ldnl 0
00000016 00000006 add
00000017 00004400 ldc addr
00000018 00000005 stnl 0
00000019 00004400 ldc addr
0000001a 00000004 ldnl 0
0000001b 00000004 ldnl 0
0000001c 00004500 ldc temp1
0000001d 00000005 stnl 0
0000001e 00004400 ldc addr
0000001f 00000004 ldnl 0
00000020 00000104 ldnl 1
00000021 00004600 ldc temp2
00000022 00000005 stnl 0
00000023 00004600 ldc temp2
00000024 00000004 ldnl 0
00000025 00004500 ldc temp1
00000026 00000004 ldnl 0
00000027 00000007 sub
00000028 00000110 brlz swap
00000029 00000a11 br noswap
0000002a          swap:
0000002a 00004600 ldc temp2
0000002b 00000004 ldnl 0
0000002c 00004400 ldc addr
0000002d 00000004 ldnl 0
0000002e 00000005 stnl 0
0000002f 00004500 ldc temp1
00000030 00000004 ldnl 0
00000031 00004400 ldc addr
00000032 00000004 ldnl 0
00000033 00000105 stnl 1
00000034          noswap:
00000034 00004300 ldc j
00000035 00000004 ldnl 0
00000036 00000101 adc 1
00000037 00004300 ldc j
00000038 00000005 stnl 0
00000039 ffffd211 br innerloop
0000003a          endinner:
0000003a 00004200 ldc i
0000003b 00000004 ldnl 0
0000003c ffffff01 adc -1
0000003d 00004200 ldc i
0000003e 00000005 stnl 0
0000003f ffffc511 br outerloop
00000040          end:
00000040 00000012 halt
00000041          N:
00000041 00000005 data 5
00000042          i:
00000042 00000000 data 0
00000043          j:
00000043 00000000 data 0
00000044          addr:
00000044 00000000 data 0
00000045          temp1:
00000045 00000000 data 0
00000046          temp2:
00000046 00000000 data 0
00000047          arr:
00000047 00000038 data 56
00000048 0000000c data 12
00000049 00000043 data 67
0000004a 00000007 data 7
0000004b 00000028 data 40
