00000000          start:
00000000 00002b00 ldc nval
00000001 00000004 ldnl 0
00000002 00001e0f brz returna
00000003 00000100 ldc 1
00000004 00000007 sub
00000005 0000200f brz returnb
00000006          loop:
00000006 00002c00 ldc vara
00000007 00000004 ldnl 0
00000008 00002d00 ldc varb
00000009 00000004 ldnl 0
0000000a 00000006 add
0000000b 00002e00 ldc temp
0000000c 00000005 stnl 0
0000000d 00002d00 ldc varb
0000000e 00000004 ldnl 0
0000000f 00002c00 ldc vara
00000010 00000005 stnl 0
00000011 00002e00 ldc temp
00000012 00000004 ldnl 0
00000013 00002d00 ldc varb
00000014 00000005 stnl 0
00000015 00002b00 ldc nval
00000016 00000004 ldnl 0
00000017 00000100 ldc 1
00000018 00000007 sub
00000019 00002b00 ldc nval
0000001a 00000005 stnl 0
0000001b 00002b00 ldc nval
0000001c 00000004 ldnl 0
0000001d 00000100 ldc 1
0000001e 00000007 sub
0000001f 0000060f brz returnb
00000020 ffffe511 br loop
00000021          returna:
00000021 00002c00 ldc vara
00000022 00000004 ldnl 0
00000023 00002f00 ldc result
00000024 00000005 stnl 0
00000025 00000012 halt
00000026          returnb:
00000026 00002d00 ldc varb
00000027 00000004 ldnl 0
00000028 00002f00 ldc result
00000029 00000005 stnl 0
0000002a 00000012 halt
0000002b          nval:
0000002b 00000006 data 6
0000002c          vara:
0000002c 00000000 data 0
0000002d          varb:
0000002d 00000001 data 1
0000002e          temp:
0000002e 00000000 data 0
0000002f          result:
0000002f 00000000 data 0
