00000000          start:
00000000 00002f00 ldc arrbase
00000001 00000004 ldnl 0
00000002 00003500 ldc maxval
00000003 00000005 stnl 0
00000004 00000100 ldc 1
00000005 00003700 ldc ptrval
00000006 00000005 stnl 0
00000007 00003400 ldc arrlen
00000008 00000004 ldnl 0
00000009 00000100 ldc 1
0000000a 00000007 sub
0000000b 00003400 ldc arrlen
0000000c 00000005 stnl 0
0000000d          loop:
0000000d 00003400 ldc arrlen
0000000e 00000004 ldnl 0
0000000f 00001e0f brz done
00000010 00002f00 ldc arrbase
00000011 00003700 ldc ptrval
00000012 00000004 ldnl 0
00000013 00000006 add
00000014 00000004 ldnl 0
00000015 00003600 ldc curval
00000016 00000005 stnl 0
00000017 00003600 ldc curval
00000018 00000004 ldnl 0
00000019 00003500 ldc maxval
0000001a 00000004 ldnl 0
0000001b 00000007 sub
0000001c 00000410 brlz skip
0000001d 00003600 ldc curval
0000001e 00000004 ldnl 0
0000001f 00003500 ldc maxval
00000020 00000005 stnl 0
00000021          skip:
00000021 00003700 ldc ptrval
00000022 00000004 ldnl 0
00000023 00000100 ldc 1
00000024 00000006 add
00000025 00003700 ldc ptrval
00000026 00000005 stnl 0
00000027 00003400 ldc arrlen
00000028 00000004 ldnl 0
00000029 00000100 ldc 1
0000002a 00000007 sub
0000002b 00003400 ldc arrlen
0000002c 00000005 stnl 0
0000002d ffffdf11 br loop
0000002e          done:
0000002e 00000012 halt
0000002f          arrbase:
0000002f 0000000c data 12
00000030 0000002d data 45
00000031 00000007 data 7
00000032 00000059 data 89
00000033 00000017 data 23
00000034          arrlen:
00000034 00000005 data 5
00000035          maxval:
00000035 00000000 data 0
00000036          curval:
00000036 00000000 data 0
00000037          ptrval:
00000037 00000000 data 0
