00000000          start:
00000000 00000000 ldc 0
00000001 00002a00 ldc sumval
00000002 00000005 stnl 0
00000003 00000000 ldc 0
00000004 00002b00 ldc ptrval
00000005 00000005 stnl 0
00000006          loop:
00000006 00002900 ldc arrlen
00000007 00000004 ldnl 0
00000008 0000170f brz done
00000009 00002500 ldc arrbase
0000000a 00002b00 ldc ptrval
0000000b 00000004 ldnl 0
0000000c 00000006 add
0000000d 00000004 ldnl 0
0000000e 00002a00 ldc sumval
0000000f 00000004 ldnl 0
00000010 00000006 add
00000011 00002a00 ldc sumval
00000012 00000005 stnl 0
00000013 00002b00 ldc ptrval
00000014 00000004 ldnl 0
00000015 00000100 ldc 1
00000016 00000006 add
00000017 00002b00 ldc ptrval
00000018 00000005 stnl 0
00000019 00002900 ldc arrlen
0000001a 00000004 ldnl 0
0000001b 00000100 ldc 1
0000001c 00000007 sub
0000001d 00002900 ldc arrlen
0000001e 00000005 stnl 0
0000001f ffffe611 br loop
00000020          done:
00000020 00002a00 ldc sumval
00000021 00000004 ldnl 0
00000022 00002c00 ldc result
00000023 00000005 stnl 0
00000024 00000012 halt
00000025          arrbase:
00000025 0000000a data 10
00000026 00000014 data 20
00000027 0000001e data 30
00000028 00000028 data 40
00000029          arrlen:
00000029 00000004 data 4
0000002a          sumval:
0000002a 00000000 data 0
0000002b          ptrval:
0000002b 00000000 data 0
0000002c          result:
0000002c 00000000 data 0
